<?xml version="1.0" encoding="UTF-8"?>
<testng-results ignored="0" total="1" passed="1" failed="0" skipped="0">
  <reporter-output>
  </reporter-output>
  <suite started-at="2023-06-19T12:13:50 IST" name="Default suite" finished-at="2023-06-19T12:14:53 IST" duration-ms="63288">
    <groups>
    </groups>
    <test started-at="2023-06-19T12:13:50 IST" name="Default test" finished-at="2023-06-19T12:14:53 IST" duration-ms="63288">
      <class name="mypack.SwagFinalTestcase">
        <test-method is-config="true" signature="setUp()[pri:0, instance:mypack.SwagFinalTestcase@402bba4f]" started-at="2023-06-19T12:13:50 IST" name="setUp" finished-at="2023-06-19T12:13:53 IST" duration-ms="3238" status="PASS">
          <reporter-output>
          </reporter-output>
        </test-method> <!-- setUp -->
        <test-method signature="testSwagFinalTestcase()[pri:0, instance:mypack.SwagFinalTestcase@402bba4f]" started-at="2023-06-19T12:13:53 IST" name="testSwagFinalTestcase" finished-at="2023-06-19T12:14:53 IST" duration-ms="60007" status="PASS">
          <reporter-output>
          </reporter-output>
        </test-method> <!-- testSwagFinalTestcase -->
      </class> <!-- mypack.SwagFinalTestcase -->
    </test> <!-- Default test -->
  </suite> <!-- Default suite -->
</testng-results>
